MyAPP/WelinkCommon/build/intermediates/proguard-rules/release/aapt_rules.txt
# view AndroidManifest.xml #generated:19
-keep class com.jason.feick.AAAAcitivty { <init>(...); }

# view AndroidManifest.xml #generated:20
-keep class com.jason.feick.IntrusionActivity { <init>(...); }

# view AndroidManifest.xml #generated:18
-keep class com.jason.feick.LogActivity { <init>(...); }