MyAPP/WelinkCommon/build/outputs/mapping/release/seeds.txt
com.jason.feick.AAAAcitivty
com.jason.feick.AAAAcitivty: com.jason.feick.util.ToastUtil toast
com.jason.feick.AAAAcitivty: com.jason.feick.widget.LoadingDataDialogManager loadingToast
com.jason.feick.AAAAcitivty: AAAAcitivty()
com.jason.feick.AAAAcitivty: void onCreate(android.os.Bundle)
com.jason.feick.AAAAcitivty: void onDestroy()
com.jason.feick.BuildConfig
com.jason.feick.BuildConfig: boolean DEBUG
com.jason.feick.BuildConfig: java.lang.String APPLICATION_ID
com.jason.feick.BuildConfig: java.lang.String BUILD_TYPE
com.jason.feick.BuildConfig: java.lang.String FLAVOR
com.jason.feick.BuildConfig: int VERSION_CODE
com.jason.feick.BuildConfig: java.lang.String VERSION_NAME
com.jason.feick.BuildConfig: BuildConfig()
com.jason.feick.IntrusionActivity
com.jason.feick.IntrusionActivity: IntrusionActivity()
com.jason.feick.IntrusionActivity: void onResume()
com.jason.feick.IntrusionActivity: void onPause()
com.jason.feick.LogActivity
com.jason.feick.LogActivity: java.lang.String tag
com.jason.feick.LogActivity: long lastClickTime
com.jason.feick.LogActivity: LogActivity()
com.jason.feick.LogActivity: boolean isFastDoubleClick()
com.jason.feick.LogActivity: void onActivityResult(int,int,android.content.Intent)
com.jason.feick.LogActivity: void onCreate(android.os.Bundle)
com.jason.feick.LogActivity: void onDestroy()
com.jason.feick.LogActivity: void onPause()
com.jason.feick.LogActivity: void onRestart()
com.jason.feick.LogActivity: void onResume()
com.jason.feick.LogActivity: void onStart()
com.jason.feick.LogActivity: void onStop()
com.jason.feick.MyCrashHandler
com.jason.feick.MyCrashHandler: java.lang.String TAG
com.jason.feick.MyCrashHandler: java.lang.Thread$UncaughtExceptionHandler mDefaultHandler
com.jason.feick.MyCrashHandler: com.jason.feick.MyCrashHandler INSTANCE
com.jason.feick.MyCrashHandler: android.content.Context mContext
com.jason.feick.MyCrashHandler: java.util.Map infos
com.jason.feick.MyCrashHandler: java.text.DateFormat formatter
com.jason.feick.MyCrashHandler: MyCrashHandler()
com.jason.feick.MyCrashHandler: com.jason.feick.MyCrashHandler getInstance()
com.jason.feick.MyCrashHandler: void init(android.content.Context)
com.jason.feick.MyCrashHandler: void uncaughtException(java.lang.Thread,java.lang.Throwable)
com.jason.feick.MyCrashHandler: boolean handleException(java.lang.Throwable)
com.jason.feick.MyCrashHandler: void collectDeviceInfo(android.content.Context)
com.jason.feick.MyCrashHandler: java.lang.String saveCrashInfo2File(java.lang.Throwable)
com.jason.feick.MyCrashHandler: void saveCrashInfo2DB(java.lang.Throwable)
com.jason.feick.MyCrashHandler: android.content.Context access$000(com.jason.feick.MyCrashHandler)
com.jason.feick.MyCrashHandler: void <clinit>()
com.jason.feick.R
com.jason.feick.R: R()
com.jason.feick.R$anim
com.jason.feick.R$anim: int fade_in
com.jason.feick.R$anim: int fade_out
com.jason.feick.R$anim: int head_in
com.jason.feick.R$anim: int head_out
com.jason.feick.R$anim: int hold
com.jason.feick.R$anim: int hold_long
com.jason.feick.R$anim: int in_lefttoright
com.jason.feick.R$anim: int in_righttoleft
com.jason.feick.R$anim: int inanim
com.jason.feick.R$anim: int loading4rice
com.jason.feick.R$anim: int out_lefttoright
com.jason.feick.R$anim: int out_righttoleft
com.jason.feick.R$anim: int outanim
com.jason.feick.R$anim: int push_bottom_in
com.jason.feick.R$anim: int push_buttom_out
com.jason.feick.R$anim: int push_left_in
com.jason.feick.R$anim: int push_left_out
com.jason.feick.R$anim: int push_right_in
com.jason.feick.R$anim: int push_right_out
com.jason.feick.R$anim: int umeng_socialize_shareboard_animation_in
com.jason.feick.R$anim: int umeng_socialize_shareboard_animation_out
com.jason.feick.R$anim: int umeng_socialize_slide_in_from_bottom
com.jason.feick.R$anim: int umeng_socialize_slide_out_from_bottom
com.jason.feick.R$anim: R$anim()
com.jason.feick.R$anim: void <clinit>()
com.jason.feick.R$attr
com.jason.feick.R$attr: R$attr()
...
org.json.simple.ItemList
org.json.simple.ItemList: java.lang.String sp
org.json.simple.ItemList: java.util.List items
org.json.simple.ItemList: ItemList()
org.json.simple.ItemList: ItemList(java.lang.String)
org.json.simple.ItemList: ItemList(java.lang.String,java.lang.String)
org.json.simple.ItemList: ItemList(java.lang.String,java.lang.String,boolean)
org.json.simple.ItemList: java.util.List getItems()
org.json.simple.ItemList: java.lang.String[] getArray()
org.json.simple.ItemList: void split(java.lang.String,java.lang.String,java.util.List,boolean)
org.json.simple.ItemList: void split(java.lang.String,java.lang.String,java.util.List)
org.json.simple.ItemList: void setSP(java.lang.String)
org.json.simple.ItemList: void add(int,java.lang.String)
org.json.simple.ItemList: void add(java.lang.String)
org.json.simple.ItemList: void addAll(org.json.simple.ItemList)
org.json.simple.ItemList: void addAll(java.lang.String)
org.json.simple.ItemList: void addAll(java.lang.String,java.lang.String)
org.json.simple.ItemList: void addAll(java.lang.String,java.lang.String,boolean)
org.json.simple.ItemList: java.lang.String get(int)
org.json.simple.ItemList: int size()
org.json.simple.ItemList: java.lang.String toString()
org.json.simple.ItemList: java.lang.String toString(java.lang.String)
org.json.simple.ItemList: void clear()
org.json.simple.ItemList: void reset()
org.json.simple.JSONArray
org.json.simple.JSONArray: long serialVersionUID
org.json.simple.JSONArray: JSONArray()
org.json.simple.JSONArray: void writeJSONString(java.util.List,java.io.Writer)
org.json.simple.JSONArray: void writeJSONString(java.io.Writer)
org.json.simple.JSONArray: java.lang.String toJSONString(java.util.List)
org.json.simple.JSONArray: java.lang.String toJSONString()
org.json.simple.JSONArray: java.lang.String toString()
org.json.simple.JSONAware
org.json.simple.JSONAware: java.lang.String toJSONString()
org.json.simple.JSONObject
org.json.simple.JSONObject: long serialVersionUID
org.json.simple.JSONObject: JSONObject()
org.json.simple.JSONObject: void writeJSONString(java.util.Map,java.io.Writer)
org.json.simple.JSONObject: void writeJSONString(java.io.Writer)
org.json.simple.JSONObject: java.lang.String toJSONString(java.util.Map)
org.json.simple.JSONObject: java.lang.String toJSONString()
org.json.simple.JSONObject: java.lang.String toJSONString(java.lang.String,java.lang.Object,java.lang.StringBuffer)
org.json.simple.JSONObject: java.lang.String toString()
org.json.simple.JSONObject: java.lang.String toString(java.lang.String,java.lang.Object)
org.json.simple.JSONObject: java.lang.String escape(java.lang.String)
org.json.simple.JSONStreamAware
org.json.simple.JSONStreamAware: void writeJSONString(java.io.Writer)
org.json.simple.JSONValue
org.json.simple.JSONValue: JSONValue()
org.json.simple.JSONValue: java.lang.Object parse(java.io.Reader)
org.json.simple.JSONValue: java.lang.Object parse(java.lang.String)
org.json.simple.JSONValue: java.lang.Object parseWithException(java.io.Reader)
org.json.simple.JSONValue: java.lang.Object parseWithException(java.lang.String)
org.json.simple.JSONValue: void writeJSONString(java.lang.Object,java.io.Writer)
org.json.simple.JSONValue: java.lang.String toJSONString(java.lang.Object)
org.json.simple.JSONValue: java.lang.String escape(java.lang.String)
org.json.simple.JSONValue: void escape(java.lang.String,java.lang.StringBuffer)
org.json.simple.parser.ContainerFactory
org.json.simple.parser.ContainerFactory: java.util.Map createObjectContainer()
org.json.simple.parser.ContainerFactory: java.util.List creatArrayContainer()