MyAPP/WelinkCommon/build/outputs/mapping/release/mapping.txt
com.jason.feick.AAAAcitivty -> com.jason.feick.AAAAcitivty:
    com.jason.feick.util.ToastUtil toast -> toast
    com.jason.feick.widget.LoadingDataDialogManager loadingToast -> loadingToast
    18:18:void <init>() -> <init>
    36:39:void onCreate(android.os.Bundle) -> onCreate
    48:52:void onDestroy() -> onDestroy
com.jason.feick.BuildConfig -> com.jason.feick.BuildConfig:
    boolean DEBUG -> DEBUG
    java.lang.String APPLICATION_ID -> APPLICATION_ID
    java.lang.String BUILD_TYPE -> BUILD_TYPE
    java.lang.String FLAVOR -> FLAVOR
    int VERSION_CODE -> VERSION_CODE
    java.lang.String VERSION_NAME -> VERSION_NAME
    6:6:void <init>() -> <init>
com.jason.feick.IntrusionActivity -> com.jason.feick.IntrusionActivity:
    14:14:void <init>() -> <init>
    22:26:void onResume() -> onResume
    30:31:void onPause() -> onPause
com.jason.feick.LogActivity -> com.jason.feick.LogActivity:
    java.lang.String tag -> tag
    long lastClickTime -> lastClickTime
    8:9:void <init>() -> <init>
    14:24:boolean isFastDoubleClick() -> isFastDoubleClick
    29:30:void onActivityResult(int,int,android.content.Intent) -> onActivityResult
    34:36:void onCreate(android.os.Bundle) -> onCreate
    40:42:void onDestroy() -> onDestroy
    46:48:void onPause() -> onPause
    52:54:void onRestart() -> onRestart
    58:60:void onResume() -> onResume
    65:67:void onStart() -> onStart
    70:72:void onStop() -> onStop
com.jason.feick.MyCrashHandler -> com.jason.feick.MyCrashHandler:
    java.lang.String TAG -> TAG
    java.lang.Thread$UncaughtExceptionHandler mDefaultHandler -> mDefaultHandler
    com.jason.feick.MyCrashHandler INSTANCE -> INSTANCE
    android.content.Context mContext -> mContext
    java.util.Map infos -> infos
    java.text.DateFormat formatter -> formatter
    52:59:void <init>() -> <init>
    63:63:com.jason.feick.MyCrashHandler getInstance() -> getInstance
    72:77:void init(android.content.Context) -> init
    84:105:void uncaughtException(java.lang.Thread,java.lang.Throwable) -> uncaughtException
    114:141:boolean handleException(java.lang.Throwable) -> handleException
    151:174:void collectDeviceInfo(android.content.Context) -> collectDeviceInfo
    184:222:java.lang.String saveCrashInfo2File(java.lang.Throwable) -> saveCrashInfo2File
    232:258:void saveCrashInfo2DB(java.lang.Throwable) -> saveCrashInfo2DB
    40:40:android.content.Context access$000(com.jason.feick.MyCrashHandler) -> access$000
    48:48:void <clinit>() -> <clinit>
com.jason.feick.MyCrashHandler$1 -> com.jason.feick.MyCrashHandler$1:
    com.jason.feick.MyCrashHandler this$0 -> a
    118:118:void <init>(com.jason.feick.MyCrashHandler) -> <init>
    121:125:void run() -> run
com.jason.feick.R -> com.jason.feick.R:
    10:10:void <init>() -> <init>
com.jason.feick.R$anim -> com.jason.feick.R$anim:
    int fade_in -> fade_in
    int fade_out -> fade_out
    int head_in -> head_in
    int head_out -> head_out
    int hold -> hold
    int hold_long -> hold_long
    int in_lefttoright -> in_lefttoright
    int in_righttoleft -> in_righttoleft
    int inanim -> inanim
    int loading4rice -> loading4rice
    int out_lefttoright -> out_lefttoright
    int out_righttoleft -> out_righttoleft
    int outanim -> outanim
    int push_bottom_in -> push_bottom_in
    int push_buttom_out -> push_buttom_out
    int push_left_in -> push_left_in
    int push_left_out -> push_left_out
    int push_right_in -> push_right_in
    int push_right_out -> push_right_out
    int umeng_socialize_shareboard_animation_in -> umeng_socialize_shareboard_animation_in
    int umeng_socialize_shareboard_animation_out -> umeng_socialize_shareboard_animation_out
    int umeng_socialize_slide_in_from_bottom -> umeng_socialize_slide_in_from_bottom
    int umeng_socialize_slide_out_from_bottom -> umeng_socialize_slide_out_from_bottom
    11:11:void <init>() -> <init>
    12:34:void <clinit>() -> <clinit>
...
org.json.simple.parser.ContentHandler -> org.json.simple.parser.ContentHandler:
    void startJSON() -> startJSON
    void endJSON() -> endJSON
    boolean startObject() -> startObject
    boolean endObject() -> endObject
    boolean startObjectEntry(java.lang.String) -> startObjectEntry
    boolean endObjectEntry() -> endObjectEntry
    boolean startArray() -> startArray
    boolean endArray() -> endArray
    boolean primitive(java.lang.Object) -> primitive
org.json.simple.parser.JSONParser -> org.json.simple.parser.JSONParser:
    int S_INIT -> S_INIT
    int S_IN_FINISHED_VALUE -> S_IN_FINISHED_VALUE
    int S_IN_OBJECT -> S_IN_OBJECT
    int S_IN_ARRAY -> S_IN_ARRAY
    int S_PASSED_PAIR_KEY -> S_PASSED_PAIR_KEY
    int S_IN_PAIR_VALUE -> S_IN_PAIR_VALUE
    int S_END -> S_END
    int S_IN_ERROR -> S_IN_ERROR
    java.util.LinkedList handlerStatusStack -> handlerStatusStack
    org.json.simple.parser.Yylex lexer -> lexer
    org.json.simple.parser.Yytoken token -> token
    int status -> status
    void <init>() -> <init>
    int peekStatus(java.util.LinkedList) -> peekStatus
    void reset() -> reset
    void reset(java.io.Reader) -> reset
    int getPosition() -> getPosition
    java.lang.Object parse(java.lang.String) -> parse
    java.lang.Object parse(java.lang.String,org.json.simple.parser.ContainerFactory) -> parse
    java.lang.Object parse(java.io.Reader) -> parse
    java.lang.Object parse(java.io.Reader,org.json.simple.parser.ContainerFactory) -> parse
    void nextToken() -> nextToken
    java.util.Map createObjectContainer(org.json.simple.parser.ContainerFactory) -> createObjectContainer
    java.util.List createArrayContainer(org.json.simple.parser.ContainerFactory) -> createArrayContainer
    void parse(java.lang.String,org.json.simple.parser.ContentHandler) -> parse
    void parse(java.lang.String,org.json.simple.parser.ContentHandler,boolean) -> parse
org.json.simple.parser.ParseException -> org.json.simple.parser.ParseException:
    long serialVersionUID -> serialVersionUID
    int ERROR_UNEXPECTED_CHAR -> ERROR_UNEXPECTED_CHAR
    int ERROR_UNEXPECTED_TOKEN -> ERROR_UNEXPECTED_TOKEN
    int ERROR_UNEXPECTED_EXCEPTION -> ERROR_UNEXPECTED_EXCEPTION
    int errorType -> errorType
    java.lang.Object unexpectedObject -> unexpectedObject
    int position -> position
    void <init>(int) -> <init>
    void <init>(int,java.lang.Object) -> <init>
    void <init>(int,int,java.lang.Object) -> <init>
    int getErrorType() -> getErrorType
    void setErrorType(int) -> setErrorType
    int getPosition() -> getPosition
    void setPosition(int) -> setPosition
    java.lang.Object getUnexpectedObject() -> getUnexpectedObject
    void setUnexpectedObject(java.lang.Object) -> setUnexpectedObject
    java.lang.String toString() -> toString